<?xml version="1.0" encoding="UTF-8"?>
<!-- Generated by org.testng.reporters.JUnitReportReporter -->
<testsuite skipped="8" hostname="PUN-WKS-AC422" name="com.testcases.HomePageTest" tests="9" failures="0" timestamp="02 Apr 2019 04:38:49 GMT" time="0.006" errors="1">
  <testcase name="organizationPageTest" time="0.000" classname="com.testcases.HomePageTest">
    <skipped/>
  </testcase> <!-- organizationPageTest -->
  <testcase name="notificationPageTest" time="0.000" classname="com.testcases.HomePageTest">
    <skipped/>
  </testcase> <!-- notificationPageTest -->
  <testcase name="AdminPageTest" time="0.000" classname="com.testcases.HomePageTest">
    <skipped/>
  </testcase> <!-- AdminPageTest -->
  <testcase name="configurationPageTest" time="0.000" classname="com.testcases.HomePageTest">
    <skipped/>
  </testcase> <!-- configurationPageTest -->
  <testcase name="jobTitlePageTest" time="0.000" classname="com.testcases.HomePageTest">
    <skipped/>
  </testcase> <!-- jobTitlePageTest -->
  <testcase name="jobPageTest" time="0.000" classname="com.testcases.HomePageTest">
    <skipped/>
  </testcase> <!-- jobPageTest -->
  <testcase name="qualificationPageTest" time="0.000" classname="com.testcases.HomePageTest">
    <skipped/>
  </testcase> <!-- qualificationPageTest -->
  <testcase name="setUp" time="0.006" classname="com.testcases.HomePageTest">
    <error type="java.lang.NullPointerException">
      <![CDATA[java.lang.NullPointerException
at com.base.TestBase.initialization(TestBase.java:42)
at com.testcases.HomePageTest.setUp(HomePageTest.java:23)
at sun.reflect.NativeMethodAccessorImpl.invoke0(Native Method)
at sun.reflect.NativeMethodAccessorImpl.invoke(Unknown Source)
at sun.reflect.DelegatingMethodAccessorImpl.invoke(Unknown Source)
at java.lang.reflect.Method.invoke(Unknown Source)
at org.testng.internal.MethodInvocationHelper.invokeMethod(MethodInvocationHelper.java:124)
at org.testng.internal.MethodInvocationHelper.invokeMethodConsideringTimeout(MethodInvocationHelper.java:59)
at org.testng.internal.Invoker.invokeConfigurationMethod(Invoker.java:458)
at org.testng.internal.Invoker.invokeConfigurations(Invoker.java:222)
at org.testng.internal.Invoker.invokeMethod(Invoker.java:523)
at org.testng.internal.Invoker.invokeTestMethod(Invoker.java:719)
at org.testng.internal.Invoker.invokeTestMethods(Invoker.java:989)
at org.testng.internal.TestMethodWorker.invokeTestMethods(TestMethodWorker.java:125)
at org.testng.internal.TestMethodWorker.run(TestMethodWorker.java:109)
at org.testng.TestRunner.privateRun(TestRunner.java:648)
at org.testng.TestRunner.run(TestRunner.java:505)
at org.testng.SuiteRunner.runTest(SuiteRunner.java:455)
at org.testng.SuiteRunner.runSequentially(SuiteRunner.java:450)
at org.testng.SuiteRunner.privateRun(SuiteRunner.java:415)
at org.testng.SuiteRunner.run(SuiteRunner.java:364)
at org.testng.SuiteRunnerWorker.runSuite(SuiteRunnerWorker.java:52)
at org.testng.SuiteRunnerWorker.run(SuiteRunnerWorker.java:84)
at org.testng.TestNG.runSuitesSequentially(TestNG.java:1208)
at org.testng.TestNG.runSuitesLocally(TestNG.java:1137)
at org.testng.TestNG.runSuites(TestNG.java:1049)
at org.testng.TestNG.run(TestNG.java:1017)
at org.testng.remote.AbstractRemoteTestNG.run(AbstractRemoteTestNG.java:114)
at org.testng.remote.RemoteTestNG.initAndRun(RemoteTestNG.java:251)
at org.testng.remote.RemoteTestNG.main(RemoteTestNG.java:77)
]]>
    </error>
  </testcase> <!-- setUp -->
  <testcase name="verifyHomepageTitle" time="0.000" classname="com.testcases.HomePageTest">
    <skipped/>
  </testcase> <!-- verifyHomepageTitle -->
</testsuite> <!-- com.testcases.HomePageTest -->
