<?xml version="1.0" encoding="UTF-8"?>
<!-- Generated by org.testng.reporters.JUnitReportReporter -->
<testsuite skipped="0" hostname="LAPTOP-O75RN3R7" name="com.testcases.UserManagementPageTest" tests="2" failures="0" timestamp="12 Oct 2019 06:59:47 GMT" time="44.864" errors="0">
  <testcase name="addUser" time="23.830" classname="com.testcases.UserManagementPageTest"/>
  <testcase name="addUser" time="21.034" classname="com.testcases.UserManagementPageTest"/>
</testsuite> <!-- com.testcases.UserManagementPageTest -->
